[INFO] Scanning for projects...
[INFO] ------------------------------------------------------------------------
[INFO] Reactor Build Order:
[INFO] 
[INFO] Example Parent                                                     [pom]
[INFO] Example Library                                                    [jar]
[INFO] Example App                                                        [jar]
[INFO] 
[INFO] ---------------------< com.example:example-parent >---------------------
[INFO] Building Example Parent 0.0.1-SNAPSHOT                             [1/3]
[INFO] --------------------------------[ pom ]---------------------------------
[INFO] 
[INFO] --- maven-clean-plugin:3.1.0:clean (default-clean) @ example-parent ---
[INFO] 
[INFO] ----------------------< com.example:example-lib >-----------------------
[INFO] Building Example Library 0.0.1-SNAPSHOT                            [2/3]
[INFO] --------------------------------[ jar ]---------------------------------
[INFO] 
[INFO] --- maven-clean-plugin:3.1.0:clean (default-clean) @ example-lib ---
[INFO] Deleting /my-projects/example-spring-app/example-lib/target
[INFO] 
[INFO] --- maven-resources-plugin:3.2.0:resources (default-resources) @ example-lib ---
[INFO] Using 'UTF-8' encoding to copy filtered resources.
[INFO] Using 'UTF-8' encoding to copy filtered properties files.
[INFO] Copying 1 resource
[INFO] Copying 0 resource
[INFO] 
[INFO] --- maven-compiler-plugin:3.8.1:compile (default-compile) @ example-lib ---
[INFO] Changes detected - recompiling the module!
[INFO] Compiling 1 source file to /my-projects/example-spring-app/example-lib/target/classes
[INFO] 
[INFO] --- maven-resources-plugin:3.2.0:testResources (default-testResources) @ example-lib ---
[INFO] Using 'UTF-8' encoding to copy filtered resources.
[INFO] Using 'UTF-8' encoding to copy filtered properties files.
[INFO] skip non existing resourceDirectory /my-projects/example-spring-app/example-lib/src/test/resources
[INFO] 
[INFO] --- maven-compiler-plugin:3.8.1:testCompile (default-testCompile) @ example-lib ---
[INFO] Changes detected - recompiling the module!
[INFO] Compiling 1 source file to /my-projects/example-spring-app/example-lib/target/test-classes
[INFO] 
[INFO] --- maven-surefire-plugin:2.22.2:test (default-test) @ example-lib ---
[INFO] 
[INFO] -------------------------------------------------------
[INFO]  T E S T S
[INFO] -------------------------------------------------------
[INFO] Running com.example.examplelib.ExampleLibraryApplicationTests
11:44:48.925 [main] DEBUG org.springframework.test.context.BootstrapUtils - Instantiating CacheAwareContextLoaderDelegate from class [org.springframework.test.context.cache.DefaultCacheAwareContextLoaderDelegate]
11:44:48.934 [main] DEBUG org.springframework.test.context.BootstrapUtils - Instantiating BootstrapContext using constructor [public org.springframework.test.context.support.DefaultBootstrapContext(java.lang.Class,org.springframework.test.context.CacheAwareContextLoaderDelegate)]
11:44:48.973 [main] DEBUG org.springframework.test.context.BootstrapUtils - Instantiating TestContextBootstrapper for test class [com.example.examplelib.ExampleLibraryApplicationTests] from class [org.springframework.boot.test.context.SpringBootTestContextBootstrapper]
11:44:48.982 [main] INFO org.springframework.boot.test.context.SpringBootTestContextBootstrapper - Neither @ContextConfiguration nor @ContextHierarchy found for test class [com.example.examplelib.ExampleLibraryApplicationTests], using SpringBootContextLoader
11:44:48.985 [main] DEBUG org.springframework.test.context.support.AbstractContextLoader - Did not detect default resource location for test class [com.example.examplelib.ExampleLibraryApplicationTests]: class path resource [com/example/examplelib/ExampleLibraryApplicationTests-context.xml] does not exist
11:44:48.986 [main] DEBUG org.springframework.test.context.support.AbstractContextLoader - Did not detect default resource location for test class [com.example.examplelib.ExampleLibraryApplicationTests]: class path resource [com/example/examplelib/ExampleLibraryApplicationTestsContext.groovy] does not exist
11:44:48.986 [main] INFO org.springframework.test.context.support.AbstractContextLoader - Could not detect default resource locations for test class [com.example.examplelib.ExampleLibraryApplicationTests]: no resource found for suffixes {-context.xml, Context.groovy}.
11:44:48.986 [main] INFO org.springframework.test.context.support.AnnotationConfigContextLoaderUtils - Could not detect default configuration classes for test class [com.example.examplelib.ExampleLibraryApplicationTests]: ExampleLibraryApplicationTests does not declare any static, non-private, non-final, nested classes annotated with @Configuration.
11:44:49.034 [main] DEBUG org.springframework.test.context.support.ActiveProfilesUtils - Could not find an 'annotation declaring class' for annotation type [org.springframework.test.context.ActiveProfiles] and class [com.example.examplelib.ExampleLibraryApplicationTests]
11:44:49.096 [main] DEBUG org.springframework.context.annotation.ClassPathScanningCandidateComponentProvider - Identified candidate component class: file [/my-projects/example-spring-app/example-lib/target/classes/com/example/examplelib/ExampleLibraryApplication.class]
11:44:49.097 [main] INFO org.springframework.boot.test.context.SpringBootTestContextBootstrapper - Found @SpringBootConfiguration com.example.examplelib.ExampleLibraryApplication for test class com.example.examplelib.ExampleLibraryApplicationTests
11:44:49.177 [main] DEBUG org.springframework.boot.test.context.SpringBootTestContextBootstrapper - @TestExecutionListeners is not present for class [com.example.examplelib.ExampleLibraryApplicationTests]: using defaults.
11:44:49.177 [main] INFO org.springframework.boot.test.context.SpringBootTestContextBootstrapper - Loaded default TestExecutionListener class names from location [META-INF/spring.factories]: [org.springframework.boot.test.mock.mockito.MockitoTestExecutionListener, org.springframework.boot.test.mock.mockito.ResetMocksTestExecutionListener, org.springframework.boot.test.autoconfigure.restdocs.RestDocsTestExecutionListener, org.springframework.boot.test.autoconfigure.web.client.MockRestServiceServerResetTestExecutionListener, org.springframework.boot.test.autoconfigure.web.servlet.MockMvcPrintOnlyOnFailureTestExecutionListener, org.springframework.boot.test.autoconfigure.web.servlet.WebDriverTestExecutionListener, org.springframework.boot.test.autoconfigure.webservices.client.MockWebServiceServerTestExecutionListener, org.springframework.test.context.web.ServletTestExecutionListener, org.springframework.test.context.support.DirtiesContextBeforeModesTestExecutionListener, org.springframework.test.context.event.ApplicationEventsTestExecutionListener, org.springframework.test.context.support.DependencyInjectionTestExecutionListener, org.springframework.test.context.support.DirtiesContextTestExecutionListener, org.springframework.test.context.transaction.TransactionalTestExecutionListener, org.springframework.test.context.jdbc.SqlScriptsTestExecutionListener, org.springframework.test.context.event.EventPublishingTestExecutionListener]
11:44:49.184 [main] DEBUG org.springframework.boot.test.context.SpringBootTestContextBootstrapper - Skipping candidate TestExecutionListener [org.springframework.test.context.web.ServletTestExecutionListener] due to a missing dependency. Specify custom listener classes or make the default listener classes and their required dependencies available. Offending class: [javax/servlet/ServletContext]
11:44:49.186 [main] DEBUG org.springframework.boot.test.context.SpringBootTestContextBootstrapper - Skipping candidate TestExecutionListener [org.springframework.test.context.transaction.TransactionalTestExecutionListener] due to a missing dependency. Specify custom listener classes or make the default listener classes and their required dependencies available. Offending class: [org/springframework/transaction/TransactionDefinition]
11:44:49.187 [main] DEBUG org.springframework.boot.test.context.SpringBootTestContextBootstrapper - Skipping candidate TestExecutionListener [org.springframework.test.context.jdbc.SqlScriptsTestExecutionListener] due to a missing dependency. Specify custom listener classes or make the default listener classes and their required dependencies available. Offending class: [org/springframework/transaction/interceptor/TransactionAttribute]
11:44:49.187 [main] INFO org.springframework.boot.test.context.SpringBootTestContextBootstrapper - Using TestExecutionListeners: [org.springframework.test.context.support.DirtiesContextBeforeModesTestExecutionListener@6d23017e, org.springframework.test.context.event.ApplicationEventsTestExecutionListener@54dcfa5a, org.springframework.boot.test.mock.mockito.MockitoTestExecutionListener@1817f1eb, org.springframework.boot.test.autoconfigure.SpringBootDependencyInjectionTestExecutionListener@767e20cf, org.springframework.test.context.support.DirtiesContextTestExecutionListener@3a3e78f, org.springframework.test.context.event.EventPublishingTestExecutionListener@301ec38b, org.springframework.boot.test.mock.mockito.ResetMocksTestExecutionListener@17a1e4ca, org.springframework.boot.test.autoconfigure.restdocs.RestDocsTestExecutionListener@10ded6a9, org.springframework.boot.test.autoconfigure.web.client.MockRestServiceServerResetTestExecutionListener@c5dc4a2, org.springframework.boot.test.autoconfigure.web.servlet.MockMvcPrintOnlyOnFailureTestExecutionListener@4a194c39, org.springframework.boot.test.autoconfigure.web.servlet.WebDriverTestExecutionListener@52066604, org.springframework.boot.test.autoconfigure.webservices.client.MockWebServiceServerTestExecutionListener@340b9973]
11:44:49.190 [main] DEBUG org.springframework.test.context.support.AbstractDirtiesContextTestExecutionListener - Before test class: context [DefaultTestContext@6b3e12b5 testClass = ExampleLibraryApplicationTests, testInstance = [null], testMethod = [null], testException = [null], mergedContextConfiguration = [MergedContextConfiguration@5aac4250 testClass = ExampleLibraryApplicationTests, locations = '{}', classes = '{class com.example.examplelib.ExampleLibraryApplication}', contextInitializerClasses = '[]', activeProfiles = '{}', propertySourceLocations = '{}', propertySourceProperties = '{org.springframework.boot.test.context.SpringBootTestContextBootstrapper=true}', contextCustomizers = set[org.springframework.boot.test.context.filter.ExcludeFilterContextCustomizer@465232e9, org.springframework.boot.test.json.DuplicateJsonObjectContextCustomizerFactory$DuplicateJsonObjectContextCustomizer@23941fb4, org.springframework.boot.test.mock.mockito.MockitoContextCustomizer@0, org.springframework.boot.test.web.client.TestRestTemplateContextCustomizer@6d5620ce, org.springframework.boot.test.autoconfigure.actuate.metrics.MetricsExportContextCustomizerFactory$DisableMetricExportContextCustomizer@7098b907, org.springframework.boot.test.autoconfigure.properties.PropertyMappingContextCustomizer@0, org.springframework.boot.test.autoconfigure.web.servlet.WebDriverContextCustomizerFactory$Customizer@2ad48653, org.springframework.boot.test.context.SpringBootTestArgs@1, org.springframework.boot.test.context.SpringBootTestWebEnvironment@4c15e7fd], contextLoader = 'org.springframework.boot.test.context.SpringBootContextLoader', parent = [null]], attributes = map[[empty]]], class annotated with @DirtiesContext [false] with mode [null].
11:44:49.201 [main] DEBUG org.springframework.test.context.support.DependencyInjectionTestExecutionListener - Performing dependency injection for test context [[DefaultTestContext@6b3e12b5 testClass = ExampleLibraryApplicationTests, testInstance = com.example.examplelib.ExampleLibraryApplicationTests@19648c40, testMethod = [null], testException = [null], mergedContextConfiguration = [MergedContextConfiguration@5aac4250 testClass = ExampleLibraryApplicationTests, locations = '{}', classes = '{class com.example.examplelib.ExampleLibraryApplication}', contextInitializerClasses = '[]', activeProfiles = '{}', propertySourceLocations = '{}', propertySourceProperties = '{org.springframework.boot.test.context.SpringBootTestContextBootstrapper=true}', contextCustomizers = set[org.springframework.boot.test.context.filter.ExcludeFilterContextCustomizer@465232e9, org.springframework.boot.test.json.DuplicateJsonObjectContextCustomizerFactory$DuplicateJsonObjectContextCustomizer@23941fb4, org.springframework.boot.test.mock.mockito.MockitoContextCustomizer@0, org.springframework.boot.test.web.client.TestRestTemplateContextCustomizer@6d5620ce, org.springframework.boot.test.autoconfigure.actuate.metrics.MetricsExportContextCustomizerFactory$DisableMetricExportContextCustomizer@7098b907, org.springframework.boot.test.autoconfigure.properties.PropertyMappingContextCustomizer@0, org.springframework.boot.test.autoconfigure.web.servlet.WebDriverContextCustomizerFactory$Customizer@2ad48653, org.springframework.boot.test.context.SpringBootTestArgs@1, org.springframework.boot.test.context.SpringBootTestWebEnvironment@4c15e7fd], contextLoader = 'org.springframework.boot.test.context.SpringBootContextLoader', parent = [null]], attributes = map['org.springframework.test.context.event.ApplicationEventsTestExecutionListener.recordApplicationEvents' -> false]]].

  .   ____          _            __ _ _
 /\\ / ___'_ __ _ _(_)_ __  __ _ \ \ \ \
( ( )\___ | '_ | '_| | '_ \/ _` | \ \ \ \
 \\/  ___)| |_)| | | | | || (_| |  ) ) ) )
  '  |____| .__|_| |_|_| |_\__, | / / / /
 =========|_|==============|___/=/_/_/_/
 :: Spring Boot ::                (v2.6.5)

2022-03-27 11:44:49.503  INFO 31400 --- [           main] c.e.e.ExampleLibraryApplicationTests     : Starting ExampleLibraryApplicationTests using Java 11.0.7 on chris-HP-ENVY-Ubuntu18 with PID 31400 (started by chris in /my-projects/example-spring-app/example-lib)
2022-03-27 11:44:49.504  INFO 31400 --- [           main] c.e.e.ExampleLibraryApplicationTests     : No active profile set, falling back to 1 default profile: "default"
2022-03-27 11:44:50.085  INFO 31400 --- [           main] c.e.e.ExampleLibraryApplicationTests     : Started ExampleLibraryApplicationTests in 0.865 seconds (JVM running for 1.856)
[INFO] Tests run: 1, Failures: 0, Errors: 0, Skipped: 0, Time elapsed: 1.581 s - in com.example.examplelib.ExampleLibraryApplicationTests
[INFO] 
[INFO] Results:
[INFO] 
[INFO] Tests run: 1, Failures: 0, Errors: 0, Skipped: 0
[INFO] 
[INFO] 
[INFO] --- maven-jar-plugin:3.2.2:jar (default-jar) @ example-lib ---
[INFO] Building jar: /my-projects/example-spring-app/example-lib/target/example-lib-0.0.1-SNAPSHOT.jar
[INFO] 
[INFO] --- spring-boot-maven-plugin:2.6.5:repackage (repackage) @ example-lib ---
[INFO] Replacing main artifact with repackaged archive
[INFO] 
[INFO] --< com.example:example-app-this-is-a-really-really-really-really-really-really-really-really-really-long-app-name >--
[INFO] Building Example App 0.0.1-SNAPSHOT                                [3/3]
[INFO] --------------------------------[ jar ]---------------------------------
[WARNING] The POM for com.example:barf:jar:1.0.0 is missing, no dependency information available
[INFO] ------------------------------------------------------------------------
[INFO] Reactor Summary for Example Parent 0.0.1-SNAPSHOT:
[INFO] 
[INFO] Example Parent ..................................... SUCCESS [  0.139 s]
[INFO] Example Library .................................... SUCCESS [  5.071 s]
[INFO] Example App ........................................ FAILURE [  0.046 s]
[INFO] ------------------------------------------------------------------------
[INFO] BUILD FAILURE
[INFO] ------------------------------------------------------------------------
[INFO] Total time:  5.604 s
[INFO] Finished at: 2022-03-27T11:44:51-04:00
[INFO] ------------------------------------------------------------------------
[ERROR] Failed to execute goal on project example-app-this-is-a-really-really-really-really-really-really-really-really-really-long-app-name: Could not resolve dependencies for project com.example:example-app-this-is-a-really-really-really-really-really-really-really-really-really-long-app-name:jar:0.0.1-SNAPSHOT: Failure to find com.example:barf:jar:1.0.0 in https://repo.maven.apache.org/maven2 was cached in the local repository, resolution will not be reattempted until the update interval of central has elapsed or updates are forced -> [Help 1]
[ERROR] 
[ERROR] To see the full stack trace of the errors, re-run Maven with the -e switch.
[ERROR] Re-run Maven using the -X switch to enable full debug logging.
[ERROR] 
[ERROR] For more information about the errors and possible solutions, please read the following articles:
[ERROR] [Help 1] http://cwiki.apache.org/confluence/display/MAVEN/DependencyResolutionException
[ERROR] 
[ERROR] After correcting the problems, you can resume the build with the command
[ERROR]   mvn <goals> -rf :example-app-this-is-a-really-really-really-really-really-really-really-really-really-long-app-name
